<?xml version="1.0" encoding="UTF-8"?>
<!-- Generated by org.testng.reporters.JUnitReportReporter -->
<testsuite hostname="MAVBCP3521" failures="0" tests="6" name="com.maven.SkipATestCase" time="0.023" errors="0" timestamp="2021-10-08T12:02:39 IST" skipped="1">
  <testcase classname="com.maven.SkipATestCase" name="StartTheCar" time="0.013"/>
  <system-out/>
  <testcase classname="com.maven.SkipATestCase" name="PutSecondGear" time="0.002"/>
  <system-out/>
  <testcase classname="com.maven.SkipATestCase" name="PutThirdGear" time="0.002"/>
  <system-out/>
  <testcase classname="com.maven.SkipATestCase" name="PutFourthGear" time="0.003"/>
  <system-out/>
  <testcase classname="com.maven.SkipATestCase" name="StartTheMusic" time="0.003"/>
  <system-out/>
  <testcase classname="com.maven.SkipATestCase" name="PutFirstGear">
    <skipped/>
  </testcase> <!-- PutFirstGear -->
  <system-out/>
</testsuite> <!-- com.maven.SkipATestCase -->
