<?xml version="1.0" encoding="UTF-8"?>
<!-- Generated by org.testng.reporters.JUnitReportReporter -->
<testsuite hostname="MAVBCP3521" failures="0" tests="1" name="com.maven.RobotExample2" time="46.410" errors="0" timestamp="2021-10-08T11:50:49 IST" skipped="0">
  <testcase classname="com.maven.RobotExample2" name="robo" time="46.410"/>
  <system-out/>
</testsuite> <!-- com.maven.RobotExample2 -->
