<?xml version="1.0" encoding="UTF-8"?>
<!-- Generated by org.testng.reporters.JUnitReportReporter -->
<testsuite hostname="MAVBCP3521" failures="0" tests="2" name="com.maven.RecorderScript" time="38.424" errors="0" timestamp="2021-10-08T12:55:14 IST" skipped="0">
  <testcase classname="com.maven.RecorderScript" name="testParameterWithXML" time="16.870"/>
  <system-out/>
  <testcase classname="com.maven.RecorderScript" name="testParameterWithXML" time="21.554"/>
  <system-out/>
</testsuite> <!-- com.maven.RecorderScript -->
