<?xml version="1.0" encoding="UTF-8"?>
<!-- Generated by org.testng.reporters.JUnitReportReporter -->
<testsuite hostname="MAVBCP3521" failures="0" tests="1" name="com.maven.AssertionExample" time="0.015" errors="0" timestamp="2021-10-12T20:48:29 IST" skipped="0">
  <testcase classname="com.maven.AssertionExample" name="CheckEqual" time="0.015"/>
  <system-out/>
</testsuite> <!-- com.maven.AssertionExample -->
