<?xml version="1.0" encoding="UTF-8"?>
<!-- Generated by org.testng.reporters.JUnitReportReporter -->
<testsuite hostname="MAVBCP3521" failures="0" tests="3" name="com.maven.TestNGDemo" time="0.027" errors="0" timestamp="2021-10-07T14:44:27 IST" skipped="0">
  <testcase classname="com.maven.TestNGDemo" name="Method2" time="0.006"/>
  <system-out/>
  <testcase classname="com.maven.TestNGDemo" name="Method2" time="0.006"/>
  <system-out/>
  <testcase classname="com.maven.TestNGDemo" name="Method1" time="0.015"/>
  <system-out/>
</testsuite> <!-- com.maven.TestNGDemo -->
