<?xml version="1.0" encoding="UTF-8"?>
<!-- Generated by org.testng.reporters.JUnitReportReporter -->
<testsuite hostname="MAVBCP3521" failures="0" tests="2" name="com.maven.ParallelExecution" time="25.084" errors="0" timestamp="2021-10-12T20:13:37 IST" skipped="0">
  <testcase classname="com.maven.ParallelExecution" name="OpenGoogle" time="12.594"/>
  <system-out/>
  <testcase classname="com.maven.ParallelExecution" name="OpenBing" time="12.490"/>
  <system-out/>
</testsuite> <!-- com.maven.ParallelExecution -->
