<?xml version="1.0" encoding="UTF-8"?>
<!-- Generated by org.testng.reporters.JUnitReportReporter -->
<testsuite hostname="MAVBCP3521" failures="0" tests="5" name="com.maven.DriveACar" time="0.058" errors="0" timestamp="2021-10-14T11:00:28 IST" skipped="0">
  <testcase classname="com.maven.DriveACar" name="StartTheCar" time="0.019"/>
  <system-out/>
  <testcase classname="com.maven.DriveACar" name="PutFirstGear" time="0.014"/>
  <system-out/>
  <testcase classname="com.maven.DriveACar" name="PutSecondGear" time="0.013"/>
  <system-out/>
  <testcase classname="com.maven.DriveACar" name="PutThirdGear" time="0.010"/>
  <system-out/>
  <testcase classname="com.maven.DriveACar" name="PutFourthGear" time="0.002"/>
  <system-out/>
</testsuite> <!-- com.maven.DriveACar -->
