<?xml version="1.0" encoding="UTF-8"?>
<!-- Generated by org.testng.reporters.JUnitReportReporter -->
<testsuite hostname="MAVBCP3521" failures="0" tests="3" name="com.maven.DependenciesManagement" time="0.017" errors="0" timestamp="2021-10-08T12:04:35 IST" skipped="0">
  <testcase classname="com.maven.DependenciesManagement" name="Engineering" time="0.005"/>
  <system-out/>
  <testcase classname="com.maven.DependenciesManagement" name="HigherSecondarySchool" time="0.002"/>
  <system-out/>
  <testcase classname="com.maven.DependenciesManagement" name="HighSchool" time="0.010"/>
  <system-out/>
</testsuite> <!-- com.maven.DependenciesManagement -->
