<?xml version="1.0" encoding="UTF-8"?>
<!-- Generated by org.testng.reporters.JUnitReportReporter -->
<testsuite hostname="MAVBCP3521" failures="0" tests="1" name="com.maven.accessDropDown" time="16.235" errors="0" timestamp="2021-10-06T14:34:29 IST" skipped="0">
  <testcase classname="com.maven.accessDropDown" name="AccessDropdown" time="16.235"/>
  <system-out/>
</testsuite> <!-- com.maven.accessDropDown -->
