<?xml version="1.0" encoding="UTF-8"?>
<!-- Generated by org.testng.reporters.JUnitReportReporter -->
<testsuite hostname="MAVBCP3521" failures="0" tests="1" name="com.maven.MavenBasicProgram" time="27.669" errors="0" timestamp="2021-10-07T14:44:26 IST" skipped="0">
  <testcase classname="com.maven.MavenBasicProgram" name="LoginTest" time="27.669"/>
  <system-out/>
</testsuite> <!-- com.maven.MavenBasicProgram -->
