<?xml version="1.0" encoding="UTF-8"?>
<!-- Generated by org.testng.reporters.JUnitReportReporter -->
<testsuite hostname="MAVBCP3521" failures="0" tests="5" name="com.maven.Sample1" time="0.037" errors="0" timestamp="2021-10-08T12:05:46 IST" skipped="0">
  <testcase classname="com.maven.Sample1" name="Third" time="0.003"/>
  <system-out/>
  <testcase classname="com.maven.Sample1" name="Second" time="0.020"/>
  <system-out/>
  <testcase classname="com.maven.Sample1" name="five" time="0.005"/>
  <system-out/>
  <testcase classname="com.maven.Sample1" name="fourth" time="0.004"/>
  <system-out/>
  <testcase classname="com.maven.Sample1" name="first" time="0.005"/>
  <system-out/>
</testsuite> <!-- com.maven.Sample1 -->
