<?xml version="1.0" encoding="UTF-8"?>
<!-- Generated by org.testng.reporters.JUnitReportReporter -->
<testsuite skipped="1" hostname="MAVBCP3521" name="com.maven.SkipATestCase" tests="6" failures="0" timestamp="2021-10-14T11:07:28 IST" time="0.011" errors="0">
  <testcase name="StartTheCar" time="0.008" classname="com.maven.SkipATestCase"/>
  <system-out/>
  <testcase name="PutSecondGear" time="0.000" classname="com.maven.SkipATestCase"/>
  <system-out/>
  <testcase name="PutThirdGear" time="0.001" classname="com.maven.SkipATestCase"/>
  <system-out/>
  <testcase name="PutFourthGear" time="0.000" classname="com.maven.SkipATestCase"/>
  <system-out/>
  <testcase name="StartTheMusic" time="0.002" classname="com.maven.SkipATestCase"/>
  <system-out/>
  <testcase name="PutFirstGear" classname="com.maven.SkipATestCase">
    <skipped/>
  </testcase> <!-- PutFirstGear -->
  <system-out/>
</testsuite> <!-- com.maven.SkipATestCase -->
