<?xml version="1.0" encoding="UTF-8"?>
<!-- Generated by org.testng.reporters.JUnitReportReporter -->
<testsuite skipped="0" hostname="MAVBCP3521" name="com.maven.DriveACar" tests="1" failures="0" timestamp="2021-10-14T11:31:56 IST" time="24.279" errors="0">
  <testcase name="ValidLogin" time="24.279" classname="com.maven.DriveACar"/>
  <system-out/>
</testsuite> <!-- com.maven.DriveACar -->
