<?xml version="1.0" encoding="UTF-8"?>
<!-- Generated by org.testng.reporters.JUnitReportReporter -->
<testsuite skipped="0" hostname="MAVBCP3521" name="com.maven.TestNGDemo" tests="2" failures="0" timestamp="2021-10-14T11:07:28 IST" time="0.000" errors="0">
  <testcase name="Method1" time="0.000" classname="com.maven.TestNGDemo"/>
  <system-out/>
  <testcase name="Method2" time="0.000" classname="com.maven.TestNGDemo"/>
  <system-out/>
</testsuite> <!-- com.maven.TestNGDemo -->
